Determining if the pthread_create exist failed with the following output:
Change Dir: /home/lance/Workspaces/yolo_ws/src/darknet_ros/darknet/build/CMakeFiles/CMakeTmp

Run Build Command:"/usr/bin/make" "cmTC_43413/fast"
/usr/bin/make -f CMakeFiles/cmTC_43413.dir/build.make CMakeFiles/cmTC_43413.dir/build
make[1]: Entering directory '/home/lance/Workspaces/yolo_ws/src/darknet_ros/darknet/build/CMakeFiles/CMakeTmp'
Building C object CMakeFiles/cmTC_43413.dir/CheckSymbolExists.c.o
/usr/bin/cc     -o CMakeFiles/cmTC_43413.dir/CheckSymbolExists.c.o   -c /home/lance/Workspaces/yolo_ws/src/darknet_ros/darknet/build/CMakeFiles/CMakeTmp/CheckSymbolExists.c
Linking C executable cmTC_43413
/usr/bin/cmake -E cmake_link_script CMakeFiles/cmTC_43413.dir/link.txt --verbose=1
/usr/bin/cc       CMakeFiles/cmTC_43413.dir/CheckSymbolExists.c.o  -o cmTC_43413 -rdynamic 
CMakeFiles/cmTC_43413.dir/CheckSymbolExists.c.o：在函数‘main’中：
CheckSymbolExists.c:(.text+0x16)：对‘pthread_create’未定义的引用
collect2: error: ld returned 1 exit status
CMakeFiles/cmTC_43413.dir/build.make:97: recipe for target 'cmTC_43413' failed
make[1]: *** [cmTC_43413] Error 1
make[1]: Leaving directory '/home/lance/Workspaces/yolo_ws/src/darknet_ros/darknet/build/CMakeFiles/CMakeTmp'
Makefile:126: recipe for target 'cmTC_43413/fast' failed
make: *** [cmTC_43413/fast] Error 2

File /home/lance/Workspaces/yolo_ws/src/darknet_ros/darknet/build/CMakeFiles/CMakeTmp/CheckSymbolExists.c:
/* */
#include <pthread.h>

int main(int argc, char** argv)
{
  (void)argv;
#ifndef pthread_create
  return ((int*)(&pthread_create))[argc];
#else
  (void)argc;
  return 0;
#endif
}

Determining if the function pthread_create exists in the pthreads failed with the following output:
Change Dir: /home/lance/Workspaces/yolo_ws/src/darknet_ros/darknet/build/CMakeFiles/CMakeTmp

Run Build Command:"/usr/bin/make" "cmTC_ff798/fast"
/usr/bin/make -f CMakeFiles/cmTC_ff798.dir/build.make CMakeFiles/cmTC_ff798.dir/build
make[1]: Entering directory '/home/lance/Workspaces/yolo_ws/src/darknet_ros/darknet/build/CMakeFiles/CMakeTmp'
Building C object CMakeFiles/cmTC_ff798.dir/CheckFunctionExists.c.o
/usr/bin/cc    -DCHECK_FUNCTION_EXISTS=pthread_create   -o CMakeFiles/cmTC_ff798.dir/CheckFunctionExists.c.o   -c /usr/share/cmake-3.5/Modules/CheckFunctionExists.c
Linking C executable cmTC_ff798
/usr/bin/cmake -E cmake_link_script CMakeFiles/cmTC_ff798.dir/link.txt --verbose=1
/usr/bin/cc   -DCHECK_FUNCTION_EXISTS=pthread_create    CMakeFiles/cmTC_ff798.dir/CheckFunctionExists.c.o  -o cmTC_ff798 -rdynamic -lpthreads 
/usr/bin/ld: 找不到 -lpthreads
collect2: error: ld returned 1 exit status
CMakeFiles/cmTC_ff798.dir/build.make:97: recipe for target 'cmTC_ff798' failed
make[1]: *** [cmTC_ff798] Error 1
make[1]: Leaving directory '/home/lance/Workspaces/yolo_ws/src/darknet_ros/darknet/build/CMakeFiles/CMakeTmp'
Makefile:126: recipe for target 'cmTC_ff798/fast' failed
make: *** [cmTC_ff798/fast] Error 2


